05-Jan-2022 10:28:51.990 INFO [main] org.apache.catalina.startup.VersionLoggerListener.log Server version name:   Apache Tomcat/9.0.56
05-Jan-2022 10:28:51.994 INFO [main] org.apache.catalina.startup.VersionLoggerListener.log Server built:          Dec 2 2021 14:30:07 UTC
05-Jan-2022 10:28:51.995 INFO [main] org.apache.catalina.startup.VersionLoggerListener.log Server version number: 9.0.56.0
05-Jan-2022 10:28:51.995 INFO [main] org.apache.catalina.startup.VersionLoggerListener.log OS Name:               Windows 10
05-Jan-2022 10:28:51.995 INFO [main] org.apache.catalina.startup.VersionLoggerListener.log OS Version:            10.0
05-Jan-2022 10:28:51.995 INFO [main] org.apache.catalina.startup.VersionLoggerListener.log Architecture:          amd64
05-Jan-2022 10:28:51.995 INFO [main] org.apache.catalina.startup.VersionLoggerListener.log Java Home:             C:\Program Files\Java\jdk-17.0.1
05-Jan-2022 10:28:51.995 INFO [main] org.apache.catalina.startup.VersionLoggerListener.log JVM Version:           17.0.1+12-LTS-39
05-Jan-2022 10:28:51.995 INFO [main] org.apache.catalina.startup.VersionLoggerListener.log JVM Vendor:            Oracle Corporation
05-Jan-2022 10:28:51.996 INFO [main] org.apache.catalina.startup.VersionLoggerListener.log CATALINA_BASE:         C:\Users\tcout\Desktop\apache-tomcat-9.0.56-prod
05-Jan-2022 10:28:51.996 INFO [main] org.apache.catalina.startup.VersionLoggerListener.log CATALINA_HOME:         C:\Users\tcout\Desktop\apache-tomcat-9.0.56-prod
05-Jan-2022 10:28:52.006 INFO [main] org.apache.catalina.startup.VersionLoggerListener.log Command line argument: --add-opens=java.base/java.lang=ALL-UNNAMED
05-Jan-2022 10:28:52.006 INFO [main] org.apache.catalina.startup.VersionLoggerListener.log Command line argument: --add-opens=java.base/java.io=ALL-UNNAMED
05-Jan-2022 10:28:52.007 INFO [main] org.apache.catalina.startup.VersionLoggerListener.log Command line argument: --add-opens=java.base/java.util=ALL-UNNAMED
05-Jan-2022 10:28:52.007 INFO [main] org.apache.catalina.startup.VersionLoggerListener.log Command line argument: --add-opens=java.base/java.util.concurrent=ALL-UNNAMED
05-Jan-2022 10:28:52.007 INFO [main] org.apache.catalina.startup.VersionLoggerListener.log Command line argument: --add-opens=java.rmi/sun.rmi.transport=ALL-UNNAMED
05-Jan-2022 10:28:52.008 INFO [main] org.apache.catalina.startup.VersionLoggerListener.log Command line argument: -Djava.util.logging.config.file=C:\Users\tcout\Desktop\apache-tomcat-9.0.56-prod\conf\logging.properties
05-Jan-2022 10:28:52.008 INFO [main] org.apache.catalina.startup.VersionLoggerListener.log Command line argument: -Djava.util.logging.manager=org.apache.juli.ClassLoaderLogManager
05-Jan-2022 10:28:52.009 INFO [main] org.apache.catalina.startup.VersionLoggerListener.log Command line argument: -Djdk.tls.ephemeralDHKeySize=2048
05-Jan-2022 10:28:52.009 INFO [main] org.apache.catalina.startup.VersionLoggerListener.log Command line argument: -Djava.protocol.handler.pkgs=org.apache.catalina.webresources
05-Jan-2022 10:28:52.009 INFO [main] org.apache.catalina.startup.VersionLoggerListener.log Command line argument: -Dignore.endorsed.dirs=
05-Jan-2022 10:28:52.010 INFO [main] org.apache.catalina.startup.VersionLoggerListener.log Command line argument: -Dcatalina.base=C:\Users\tcout\Desktop\apache-tomcat-9.0.56-prod
05-Jan-2022 10:28:52.010 INFO [main] org.apache.catalina.startup.VersionLoggerListener.log Command line argument: -Dcatalina.home=C:\Users\tcout\Desktop\apache-tomcat-9.0.56-prod
05-Jan-2022 10:28:52.011 INFO [main] org.apache.catalina.startup.VersionLoggerListener.log Command line argument: -Djava.io.tmpdir=C:\Users\tcout\Desktop\apache-tomcat-9.0.56-prod\temp
05-Jan-2022 10:28:52.014 INFO [main] org.apache.catalina.core.AprLifecycleListener.lifecycleEvent The Apache Tomcat Native library which allows using OpenSSL was not found on the java.library.path: [C:\Program Files\Java\jdk-17.0.1\bin;C:\WINDOWS\Sun\Java\bin;C:\WINDOWS\system32;C:\WINDOWS;C:\Program Files\Common Files\Oracle\Java\javapath;C:\Program Files (x86)\Intel\Intel(R) Management Engine Components\iCLS\;C:\Program Files\Intel\Intel(R) Management Engine Components\iCLS\;C:\WINDOWS\system32;C:\WINDOWS;C:\WINDOWS\System32\Wbem;C:\WINDOWS\System32\WindowsPowerShell\v1.0\;C:\WINDOWS\System32\OpenSSH\;C:\Program Files (x86)\Intel\Intel(R) Management Engine Components\DAL;C:\Program Files\Intel\Intel(R) Management Engine Components\DAL;C:\Program Files (x86)\Intel\Intel(R) Management Engine Components\IPT;C:\Program Files\Intel\Intel(R) Management Engine Components\IPT;C:\Program Files\Intel\WiFi\bin\;C:\Program Files\Common Files\Intel\WirelessCommon\;C:\Program Files\dotnet\;C:\Program Files\Java\jdk-17.0.1\bin;C:\Program Files (x86)\Java\jre1.8.0_311;C:\Users\tcout\AppData\Local\Microsoft\WindowsApps;C:\Users\tcout\AppData\Local\Programs\Microsoft VS Code\bin;C:\Users\tcout\AppData\Local\GitHubDesktop\bin;C:\Users\tcout\.dotnet\tools;C:\Program Files\Java\jdk-17.0.1\bin;;.]
05-Jan-2022 10:28:52.271 INFO [main] org.apache.coyote.AbstractProtocol.init Initializing ProtocolHandler ["http-nio-8080"]
05-Jan-2022 10:28:52.294 INFO [main] org.apache.catalina.startup.Catalina.load Server initialization in [527] milliseconds
05-Jan-2022 10:28:52.405 INFO [main] org.apache.catalina.core.StandardService.startInternal Starting service [Catalina]
05-Jan-2022 10:28:52.406 INFO [main] org.apache.catalina.core.StandardEngine.startInternal Starting Servlet engine: [Apache Tomcat/9.0.56]
05-Jan-2022 10:28:52.558 INFO [main] org.apache.catalina.startup.HostConfig.deployWAR Deploying web application archive [C:\Users\tcout\Desktop\apache-tomcat-9.0.56-prod\webapps\gerenciador.war]
05-Jan-2022 10:28:53.614 WARNING [main] org.apache.catalina.util.SessionIdGeneratorBase.createSecureRandom Creation of SecureRandom instance for session ID generation using [SHA1PRNG] took [189] milliseconds.
05-Jan-2022 10:28:53.708 INFO [main] org.apache.catalina.startup.HostConfig.deployWAR Deployment of web application archive [C:\Users\tcout\Desktop\apache-tomcat-9.0.56-prod\webapps\gerenciador.war] has finished in [1.150] ms
05-Jan-2022 10:28:53.709 INFO [main] org.apache.catalina.startup.HostConfig.deployDirectory Diretório de instalação da aplicação web [C:\Users\tcout\Desktop\apache-tomcat-9.0.56-prod\webapps\docs]
05-Jan-2022 10:28:53.873 INFO [main] org.apache.catalina.startup.HostConfig.deployDirectory Deployment of web application directory [C:\Users\tcout\Desktop\apache-tomcat-9.0.56-prod\webapps\docs] has finished in [165] ms
05-Jan-2022 10:28:53.874 INFO [main] org.apache.catalina.startup.HostConfig.deployDirectory Diretório de instalação da aplicação web [C:\Users\tcout\Desktop\apache-tomcat-9.0.56-prod\webapps\examples]
05-Jan-2022 10:28:55.579 INFO [main] org.apache.catalina.startup.HostConfig.deployDirectory Deployment of web application directory [C:\Users\tcout\Desktop\apache-tomcat-9.0.56-prod\webapps\examples] has finished in [1.704] ms
05-Jan-2022 10:28:55.581 INFO [main] org.apache.catalina.startup.HostConfig.deployDirectory Diretório de instalação da aplicação web [C:\Users\tcout\Desktop\apache-tomcat-9.0.56-prod\webapps\host-manager]
05-Jan-2022 10:28:55.703 INFO [main] org.apache.catalina.startup.HostConfig.deployDirectory Deployment of web application directory [C:\Users\tcout\Desktop\apache-tomcat-9.0.56-prod\webapps\host-manager] has finished in [122] ms
05-Jan-2022 10:28:55.704 INFO [main] org.apache.catalina.startup.HostConfig.deployDirectory Diretório de instalação da aplicação web [C:\Users\tcout\Desktop\apache-tomcat-9.0.56-prod\webapps\manager]
05-Jan-2022 10:28:55.872 INFO [main] org.apache.catalina.startup.HostConfig.deployDirectory Deployment of web application directory [C:\Users\tcout\Desktop\apache-tomcat-9.0.56-prod\webapps\manager] has finished in [168] ms
05-Jan-2022 10:28:55.873 INFO [main] org.apache.catalina.startup.HostConfig.deployDirectory Diretório de instalação da aplicação web [C:\Users\tcout\Desktop\apache-tomcat-9.0.56-prod\webapps\ROOT]
05-Jan-2022 10:28:55.945 INFO [main] org.apache.catalina.startup.HostConfig.deployDirectory Deployment of web application directory [C:\Users\tcout\Desktop\apache-tomcat-9.0.56-prod\webapps\ROOT] has finished in [72] ms
05-Jan-2022 10:28:55.956 INFO [main] org.apache.coyote.AbstractProtocol.start Starting ProtocolHandler ["http-nio-8080"]
05-Jan-2022 10:28:56.064 INFO [main] org.apache.catalina.startup.Catalina.start Server startup in [3769] milliseconds
